<?xml version="1.0" encoding="UTF-8"?>
<!-- Generated by org.testng.reporters.JUnitXMLReporter -->
<testsuite hostname="Chinthia" ignored="5" name="Default test" tests="6" failures="0" timestamp="2023-02-27T22:49:44 IST" time="0.111" errors="0">
  <testcase name="@BeforeTest browserLaunch" time="-1.677518384321E9" classname="com.tests.Adactin">
    <failure type="org.testng.TestNGException" message="
Parameter &amp;apos;url&amp;apos; is required by BeforeTest on method browserLaunch but has not been marked @Optional or defined
in C:\Users\bhask\AppData\Local\Temp\testng-eclipse-325906004\testng-customsuite.xml">
      <![CDATA[org.testng.TestNGException: 
Parameter 'url' is required by BeforeTest on method browserLaunch but has not been marked @Optional or defined
in C:\Users\bhask\AppData\Local\Temp\testng-eclipse-325906004\testng-customsuite.xml
at org.testng.internal.Parameters.createParams(Parameters.java:270)
at org.testng.internal.Parameters.createParametersForMethod(Parameters.java:358)
at org.testng.internal.Parameters.createParameters(Parameters.java:700)
at org.testng.internal.Parameters.createConfigurationParameters(Parameters.java:168)
at org.testng.internal.ConfigInvoker.invokeConfigurations(ConfigInvoker.java:302)
at org.testng.TestRunner.invokeTestConfigurations(TestRunner.java:637)
at org.testng.TestRunner.beforeRun(TestRunner.java:627)
at org.testng.TestRunner.run(TestRunner.java:589)
at org.testng.SuiteRunner.runTest(SuiteRunner.java:377)
at org.testng.SuiteRunner.runSequentially(SuiteRunner.java:371)
at org.testng.SuiteRunner.privateRun(SuiteRunner.java:332)
at org.testng.SuiteRunner.run(SuiteRunner.java:276)
at org.testng.SuiteRunnerWorker.runSuite(SuiteRunnerWorker.java:53)
at org.testng.SuiteRunnerWorker.run(SuiteRunnerWorker.java:96)
at org.testng.TestNG.runSuitesSequentially(TestNG.java:1212)
at org.testng.TestNG.runSuitesLocally(TestNG.java:1134)
at org.testng.TestNG.runSuites(TestNG.java:1063)
at org.testng.TestNG.run(TestNG.java:1031)
at org.testng.remote.AbstractRemoteTestNG.run(AbstractRemoteTestNG.java:115)
at org.testng.remote.RemoteTestNG.initAndRun(RemoteTestNG.java:251)
at org.testng.remote.RemoteTestNG.main(RemoteTestNG.java:77)
]]>
    </failure>
  </testcase> <!-- @BeforeTest browserLaunch -->
  <testcase name="@AfterTest closeBrowser" time="-1.677518384418E9" classname="com.tests.Adactin">
    <skipped/>
  </testcase> <!-- @AfterTest closeBrowser -->
  <testcase name="TC1011" time="0.0" classname="com.tests.Adactin">
    <skipped/>
  </testcase> <!-- TC1011 -->
  <testcase name="TC1011" time="0.0" classname="com.tests.Adactin">
    <skipped/>
  </testcase> <!-- TC1011 -->
  <testcase name="TC1011" time="0.0" classname="com.tests.Adactin">
    <skipped/>
  </testcase> <!-- TC1011 -->
  <testcase name="TC1011" time="0.0" classname="com.tests.Adactin">
    <skipped/>
  </testcase> <!-- TC1011 -->
  <testcase name="TC1011" time="0.0" classname="com.tests.Adactin">
    <skipped/>
  </testcase> <!-- TC1011 -->
  <testcase name="TC1011" time="0.0" classname="com.tests.Adactin">
    <skipped/>
  </testcase> <!-- TC1011 -->
  <testcase name="TC105" time="0.0" classname="com.tests.Adactin">
    <ignored/>
  </testcase> <!-- TC105 -->
  <testcase name="TC102" time="0.0" classname="com.tests.Adactin">
    <ignored/>
  </testcase> <!-- TC102 -->
  <testcase name="TC103" time="0.0" classname="com.tests.Adactin">
    <ignored/>
  </testcase> <!-- TC103 -->
  <testcase name="TC101" time="0.0" classname="com.tests.Adactin">
    <ignored/>
  </testcase> <!-- TC101 -->
  <testcase name="TC104" time="0.0" classname="com.tests.Adactin">
    <ignored/>
  </testcase> <!-- TC104 -->
</testsuite> <!-- Default test -->
